<?xml version="1.0" encoding="UTF-8"?>
<!-- Generated by org.testng.reporters.JUnitReportReporter -->
<testsuite hostname="DESKTOP-FDQC6TI" failures="0" tests="2" name="MavenProject.MavenJava.RestAssuredAPITest" time="0.015" errors="0" timestamp="2022-04-07T18:07:21 IST" skipped="0">
  <testcase classname="MavenProject.MavenJava.RestAssuredAPITest" name="RestassuredAPImethod" time="0.002"/>
  <system-out/>
  <testcase classname="MavenProject.MavenJava.RestAssuredAPITest" name="RestAssuredAPITestdata" time="0.013"/>
  <system-out/>
</testsuite> <!-- MavenProject.MavenJava.RestAssuredAPITest -->
