<?xml version="1.0" encoding="UTF-8"?>
<!-- Generated by org.testng.reporters.JUnitReportReporter -->
<testsuite hostname="DESKTOP-FDQC6TI" failures="0" tests="2" name="MavenProject.MavenJava.SeleniumAPITest" time="0.001" errors="0" timestamp="2022-04-07T18:07:21 IST" skipped="0">
  <testcase classname="MavenProject.MavenJava.SeleniumAPITest" name="SeleniumAPImethod" time="0.000"/>
  <system-out/>
  <testcase classname="MavenProject.MavenJava.SeleniumAPITest" name="Testdata" time="0.001"/>
  <system-out/>
</testsuite> <!-- MavenProject.MavenJava.SeleniumAPITest -->
